<?xml version="1.0" encoding="UTF-8"?>
<!-- Generated by org.testng.reporters.JUnitXMLReporter -->
<testsuite ignored="0" hostname="DESKTOP-JCE9V8H" failures="1" tests="6" name="Test" time="0.188" errors="0" timestamp="2025-08-06T20:02:07 IST">
  <testcase classname="com.example.my_first_maven_project.DemoTestNG" name="DemoTest" time="0.019"/>
  <testcase classname="com.example.my_first_maven_project.DemoTestNG" name="DemoTest2" time="0.001"/>
  <testcase classname="com.example.my_first_maven_project.Day1" name="carLoanWeb" time="0.002"/>
  <testcase classname="com.example.my_first_maven_project.Day1" name="carLoanMobile" time="0.021">
    <failure type="java.lang.AssertionError" message="expected [true] but found [false]">
      <![CDATA[java.lang.AssertionError: expected [true] but found [false]
at com.example.my_first_maven_project.Day1.carLoanMobile(Day1.java:14)
at java.base/java.util.ArrayList.forEach(ArrayList.java:1596)
at java.base/java.util.concurrent.FutureTask.run(FutureTask.java:317)
at java.base/java.util.concurrent.ThreadPoolExecutor.runWorker(ThreadPoolExecutor.java:1144)
at java.base/java.util.concurrent.ThreadPoolExecutor$Worker.run(ThreadPoolExecutor.java:642)
at java.base/java.lang.Thread.run(Thread.java:1583)
... Removed 19 stack frames]]>
    </failure>
  </testcase> <!-- carLoanMobile -->
  <testcase classname="com.example.my_first_maven_project.Day1" name="finalAPI" time="0.008"/>
  <testcase classname="com.example.my_first_maven_project.Day1" name="carLoanAPI" time="0.002"/>
</testsuite> <!-- Test -->
